<?xml version="1.0" encoding="UTF-8"?>
<!-- Generated by org.testng.reporters.JUnitReportReporter -->
<testsuite hostname="QCENTRIS189" failures="0" tests="5" name="tests.OwnersTest" time="6.516" errors="0" timestamp="2022-03-24T20:59:01 EET" skipped="0">
  <testcase classname="tests.OwnersTest" name="clickOnOwnersButton" time="0.150"/>
  <testcase classname="tests.OwnersTest" name="clickOnFindOwnerButton" time="0.175"/>
  <testcase classname="tests.OwnersTest" name="getAllOwners" time="2.518"/>
  <testcase classname="tests.OwnersTest" name="clickOnAddOwnersButton" time="0.932"/>
  <testcase classname="tests.OwnersTest" name="clickOnAddNewPet" time="2.741"/>
</testsuite> <!-- tests.OwnersTest -->
