<?xml version="1.0" encoding="UTF-8"?>
<!-- Generated by org.testng.reporters.JUnitReportReporter -->
<testsuite hostname="QCENTRIS189" failures="0" tests="2" name="tests.VeterinariansTest" time="0.416" errors="0" timestamp="2022-03-24T20:59:01 EET" skipped="0">
  <testcase classname="tests.VeterinariansTest" name="clickOnVeterinarians" time="0.178"/>
  <testcase classname="tests.VeterinariansTest" name="getAllVeterinarians" time="0.238"/>
</testsuite> <!-- tests.VeterinariansTest -->
