<?xml version="1.0" encoding="UTF-8"?>
<!-- Generated by org.testng.reporters.JUnitReportReporter -->
<testsuite hostname="QCENTRIS189" failures="0" tests="1" name="tests.HomePageTest" time="0.050" errors="0" timestamp="2022-03-24T20:59:01 EET" skipped="0">
  <testcase classname="tests.HomePageTest" name="validateVetPic" time="0.050"/>
</testsuite> <!-- tests.HomePageTest -->
